2023-11-22 15:20:17,241 INFO o.a.j.u.JMeterUtils: Setting Locale to en_IN
2023-11-22 15:20:17,305 INFO o.a.j.JMeter: Loading user properties from: user.properties
2023-11-22 15:20:17,306 INFO o.a.j.JMeter: Loading system properties from: system.properties
2023-11-22 15:20:17,318 INFO o.a.j.JMeter: Copyright (c) 1998-2023 The Apache Software Foundation
2023-11-22 15:20:17,318 INFO o.a.j.JMeter: Version 5.6.2
2023-11-22 15:20:17,318 INFO o.a.j.JMeter: java.version=1.8.0_341
2023-11-22 15:20:17,319 INFO o.a.j.JMeter: java.vm.name=Java HotSpot(TM) 64-Bit Server VM
2023-11-22 15:20:17,319 INFO o.a.j.JMeter: os.name=Mac OS X
2023-11-22 15:20:17,319 INFO o.a.j.JMeter: os.arch=x86_64
2023-11-22 15:20:17,319 INFO o.a.j.JMeter: os.version=14.0
2023-11-22 15:20:17,319 INFO o.a.j.JMeter: file.encoding=UTF-8
2023-11-22 15:20:17,319 INFO o.a.j.JMeter: java.awt.headless=null
2023-11-22 15:20:17,319 INFO o.a.j.JMeter: Max memory     =3817865216
2023-11-22 15:20:17,319 INFO o.a.j.JMeter: Available Processors =8
2023-11-22 15:20:17,331 INFO o.a.j.JMeter: Default Locale=English (India)
2023-11-22 15:20:17,332 INFO o.a.j.JMeter: JMeter  Locale=English (India)
2023-11-22 15:20:17,332 INFO o.a.j.JMeter: JMeterHome=/Users/renuka/Documents/JMeter/apache-jmeter-5.6.2
2023-11-22 15:20:17,332 INFO o.a.j.JMeter: user.dir  =/Users/renuka/Documents/JMeter/apache-jmeter-5.6.2/bin
2023-11-22 15:20:17,332 INFO o.a.j.JMeter: PWD       =/Users/renuka/Documents/JMeter/apache-jmeter-5.6.2/bin
2023-11-22 15:20:22,336 INFO o.a.j.JMeter: IP: 9.199.96.23 Name: Renukas-MacBook-Pro-4.local FullName: 9.199.96.23
2023-11-22 15:20:22,384 INFO o.a.j.JMeter: Loaded icon properties from org/apache/jmeter/images/icon.properties
2023-11-22 15:20:23,190 INFO o.a.j.JMeterGuiLauncher: Setting LAF to: laf:javax.swing.plaf.metal.MetalLookAndFeel
2023-11-22 16:03:38,857 INFO o.a.j.p.h.s.HTTPSamplerBase: Parser for text/html is org.apache.jmeter.protocol.http.parser.LagartoBasedHtmlParser
2023-11-22 16:03:38,859 INFO o.a.j.p.h.s.HTTPSamplerBase: Parser for application/xhtml+xml is org.apache.jmeter.protocol.http.parser.LagartoBasedHtmlParser
2023-11-22 16:03:38,859 INFO o.a.j.p.h.s.HTTPSamplerBase: Parser for application/xml is org.apache.jmeter.protocol.http.parser.LagartoBasedHtmlParser
2023-11-22 16:03:38,859 INFO o.a.j.p.h.s.HTTPSamplerBase: Parser for text/xml is org.apache.jmeter.protocol.http.parser.LagartoBasedHtmlParser
2023-11-22 16:03:38,859 INFO o.a.j.p.h.s.HTTPSamplerBase: Parser for text/vnd.wap.wml is org.apache.jmeter.protocol.http.parser.RegexpHTMLParser
2023-11-22 16:03:38,859 INFO o.a.j.p.h.s.HTTPSamplerBase: Parser for text/css is org.apache.jmeter.protocol.http.parser.CssParser
2023-11-22 16:30:44,238 INFO o.a.j.s.FileServer: Default base='/Users/renuka/Documents/JMeter/apache-jmeter-5.6.2/bin'
2023-11-22 16:30:44,241 INFO o.a.j.s.FileServer: Set new base='/Users/renuka/Documents/JMeter'
2023-11-22 16:30:44,432 INFO o.a.j.s.SaveService: Testplan (JMX) version: 2.2. Testlog (JTL) version: 2.2
2023-11-22 16:30:44,471 INFO o.a.j.s.SaveService: Using SaveService properties file encoding UTF-8
2023-11-22 16:30:44,472 INFO o.a.j.s.SaveService: Using SaveService properties version 5.0
2023-11-22 16:45:11,981 INFO o.a.j.s.SampleResult: Note: Sample TimeStamps are START times
2023-11-22 16:45:11,982 INFO o.a.j.s.SampleResult: sampleresult.default.encoding is set to UTF-8
2023-11-22 16:45:11,982 INFO o.a.j.s.SampleResult: sampleresult.useNanoTime=true
2023-11-22 16:45:11,982 INFO o.a.j.s.SampleResult: sampleresult.nanoThreadSleep=5000
